  GL.cpp
C:\Users\millk290\source\repos\GLAD3D\GLAD3D\Shader.h(214,3): error C2653: 'GL': is not a class or namespace name
C:\Users\millk290\source\repos\GLAD3D\GLAD3D\Shader.h(214,7): error C2065: 'genShader': undeclared identifier
C:\Users\millk290\source\repos\GLAD3D\GLAD3D\Shader.h(215,43): error C2653: 'GL': is not a class or namespace name
C:\Users\millk290\source\repos\GLAD3D\GLAD3D\Shader.h(215,47): error C2065: 'genShader': undeclared identifier
C:\Users\millk290\source\repos\GLAD3D\GLAD3D\Shader.h(215,98): error C2653: 'GL': is not a class or namespace name
C:\Users\millk290\source\repos\GLAD3D\GLAD3D\Shader.h(215,102): error C2065: 'projection': undeclared identifier
  GLAD3D.cpp
C:\Users\millk290\source\repos\GLAD3D\GLAD3D\Shader.h(214,3): error C2653: 'GL': is not a class or namespace name
C:\Users\millk290\source\repos\GLAD3D\GLAD3D\Shader.h(214,7): error C2065: 'genShader': undeclared identifier
C:\Users\millk290\source\repos\GLAD3D\GLAD3D\Shader.h(215,43): error C2653: 'GL': is not a class or namespace name
C:\Users\millk290\source\repos\GLAD3D\GLAD3D\Shader.h(215,47): error C2065: 'genShader': undeclared identifier
C:\Users\millk290\source\repos\GLAD3D\GLAD3D\Shader.h(215,98): error C2653: 'GL': is not a class or namespace name
C:\Users\millk290\source\repos\GLAD3D\GLAD3D\Shader.h(215,102): error C2065: 'projection': undeclared identifier
  Rendering.cpp
C:\Users\millk290\source\repos\GLAD3D\GLAD3D\Shader.h(214,3): error C2653: 'GL': is not a class or namespace name
C:\Users\millk290\source\repos\GLAD3D\GLAD3D\Shader.h(214,7): error C2065: 'genShader': undeclared identifier
C:\Users\millk290\source\repos\GLAD3D\GLAD3D\Shader.h(215,43): error C2653: 'GL': is not a class or namespace name
C:\Users\millk290\source\repos\GLAD3D\GLAD3D\Shader.h(215,47): error C2065: 'genShader': undeclared identifier
C:\Users\millk290\source\repos\GLAD3D\GLAD3D\Shader.h(215,98): error C2653: 'GL': is not a class or namespace name
C:\Users\millk290\source\repos\GLAD3D\GLAD3D\Shader.h(215,102): error C2065: 'projection': undeclared identifier
C:\Users\millk290\source\repos\GLAD3D\GLAD3D\Rendering.cpp(65,52): warning C4267: 'argument': conversion from 'size_t' to 'GLsizei', possible loss of data
C:\Users\millk290\source\repos\GLAD3D\GLAD3D\Rendering.cpp(78,80): warning C4244: 'argument': conversion from 'float' to 'GLsizei', possible loss of data
C:\Users\millk290\source\repos\GLAD3D\GLAD3D\Rendering.cpp(78,67): warning C4244: 'argument': conversion from 'float' to 'GLsizei', possible loss of data
C:\Users\millk290\source\repos\GLAD3D\GLAD3D\Rendering.cpp(78,44): warning C4244: 'argument': conversion from 'float' to 'GLint', possible loss of data
C:\Users\millk290\source\repos\GLAD3D\GLAD3D\Rendering.cpp(78,21): warning C4244: 'argument': conversion from 'float' to 'GLint', possible loss of data
C:\Users\millk290\source\repos\GLAD3D\GLAD3D\Rendering.cpp(164,11): warning C4244: 'initializing': conversion from 'double' to 'float', possible loss of data
C:\Users\millk290\source\repos\GLAD3D\GLAD3D\Rendering.cpp(165,11): warning C4244: 'initializing': conversion from 'double' to 'float', possible loss of data
  stbi.cpp
C:\Users\millk290\source\repos\GLAD3D\GLAD3D\Shader.h(214,3): error C2653: 'GL': is not a class or namespace name
C:\Users\millk290\source\repos\GLAD3D\GLAD3D\Shader.h(214,7): error C2065: 'genShader': undeclared identifier
C:\Users\millk290\source\repos\GLAD3D\GLAD3D\Shader.h(215,43): error C2653: 'GL': is not a class or namespace name
C:\Users\millk290\source\repos\GLAD3D\GLAD3D\Shader.h(215,47): error C2065: 'genShader': undeclared identifier
C:\Users\millk290\source\repos\GLAD3D\GLAD3D\Shader.h(215,98): error C2653: 'GL': is not a class or namespace name
C:\Users\millk290\source\repos\GLAD3D\GLAD3D\Shader.h(215,102): error C2065: 'projection': undeclared identifier
C:\Users\millk290\source\repos\GLAD3D\GLAD3D\Rendering.h(28,16): error C2143: syntax error: missing ';' before '*'
C:\Users\millk290\source\repos\GLAD3D\GLAD3D\Rendering.h(28,16): error C4430: missing type specifier - int assumed. Note: C++ does not support default-int
C:\Users\millk290\source\repos\GLAD3D\GLAD3D\Rendering.h(28,31): error C2238: unexpected token(s) preceding ';'
C:\Users\millk290\source\repos\GLAD3D\GLAD3D\Rendering.h(29,16): error C2143: syntax error: missing ';' before '*'
C:\Users\millk290\source\repos\GLAD3D\GLAD3D\Rendering.h(29,16): error C4430: missing type specifier - int assumed. Note: C++ does not support default-int
C:\Users\millk290\source\repos\GLAD3D\GLAD3D\Rendering.h(29,9): error C2086: 'int Rendering::Texture': redefinition
C:\Users\millk290\source\repos\GLAD3D\GLAD3D\Rendering.h(29,23): error C2238: unexpected token(s) preceding ';'
C:\Users\millk290\source\repos\GLAD3D\GLAD3D\Rendering.h(43,53): error C2061: syntax error: identifier 'Texture'
C:\Users\millk290\source\repos\GLAD3D\GLAD3D\Rendering.h(44,53): error C2061: syntax error: identifier 'Texture'
C:\Users\millk290\source\repos\GLAD3D\GLAD3D\Rendering.h(44,80): error C2535: 'void Rendering::PushQuad(Rect *,Rect *)': member function already defined or declared
C:\Users\millk290\source\repos\GLAD3D\GLAD3D\Rendering.h(43): message : see declaration of 'Rendering::PushQuad'
  Texture.cpp
C:\Users\millk290\source\repos\GLAD3D\GLAD3D\Shader.h(214,3): error C2653: 'GL': is not a class or namespace name
C:\Users\millk290\source\repos\GLAD3D\GLAD3D\Shader.h(214,7): error C2065: 'genShader': undeclared identifier
C:\Users\millk290\source\repos\GLAD3D\GLAD3D\Shader.h(215,43): error C2653: 'GL': is not a class or namespace name
C:\Users\millk290\source\repos\GLAD3D\GLAD3D\Shader.h(215,47): error C2065: 'genShader': undeclared identifier
C:\Users\millk290\source\repos\GLAD3D\GLAD3D\Shader.h(215,98): error C2653: 'GL': is not a class or namespace name
C:\Users\millk290\source\repos\GLAD3D\GLAD3D\Shader.h(215,102): error C2065: 'projection': undeclared identifier
C:\Users\millk290\source\repos\GLAD3D\GLAD3D\Rendering.h(28,16): error C2143: syntax error: missing ';' before '*'
C:\Users\millk290\source\repos\GLAD3D\GLAD3D\Rendering.h(28,16): error C4430: missing type specifier - int assumed. Note: C++ does not support default-int
C:\Users\millk290\source\repos\GLAD3D\GLAD3D\Rendering.h(28,31): error C2238: unexpected token(s) preceding ';'
C:\Users\millk290\source\repos\GLAD3D\GLAD3D\Rendering.h(29,16): error C2143: syntax error: missing ';' before '*'
C:\Users\millk290\source\repos\GLAD3D\GLAD3D\Rendering.h(29,16): error C4430: missing type specifier - int assumed. Note: C++ does not support default-int
C:\Users\millk290\source\repos\GLAD3D\GLAD3D\Rendering.h(29,9): error C2086: 'int Rendering::Texture': redefinition
C:\Users\millk290\source\repos\GLAD3D\GLAD3D\Rendering.h(29,23): error C2238: unexpected token(s) preceding ';'
C:\Users\millk290\source\repos\GLAD3D\GLAD3D\Rendering.h(43,53): error C2061: syntax error: identifier 'Texture'
C:\Users\millk290\source\repos\GLAD3D\GLAD3D\Rendering.h(44,53): error C2061: syntax error: identifier 'Texture'
C:\Users\millk290\source\repos\GLAD3D\GLAD3D\Rendering.h(44,80): error C2535: 'void Rendering::PushQuad(Rect *,Rect *)': member function already defined or declared
C:\Users\millk290\source\repos\GLAD3D\GLAD3D\Rendering.h(43): message : see declaration of 'Rendering::PushQuad'
  Generating Code...
